2016-09-24 17:47:55.2667 Debug Targets for ServiceStation.Controllers.HomeController by level:
2016-09-24 17:47:55.3447 Debug Trace =>
2016-09-24 17:47:55.3577 Debug Debug =>
2016-09-24 17:47:55.3707 Debug Info =>
2016-09-24 17:47:55.3847 Debug Warn =>
2016-09-24 17:47:55.3987 Debug Error =>
2016-09-24 17:47:55.3987 Debug Fatal =>
2016-09-24 17:48:48.3535 Debug Targets for ServiceStation.Controllers.HomeController by level:
2016-09-24 17:48:48.4156 Debug Trace =>
2016-09-24 17:48:48.4276 Debug Debug =>
2016-09-24 17:48:48.4276 Debug Info =>
2016-09-24 17:48:48.4536 Debug Warn =>
2016-09-24 17:48:48.4666 Debug Error =>
2016-09-24 17:48:48.4811 Debug Fatal =>
2016-09-24 18:01:59.0957 Debug Targets for ServiceStation.Controllers.HomeController by level:
2016-09-24 18:01:59.1257 Debug Trace =>
2016-09-24 18:01:59.1377 Debug Debug =>
2016-09-24 18:01:59.1487 Debug Info =>
2016-09-24 18:01:59.1487 Debug Warn =>
2016-09-24 18:01:59.1772 Debug Error =>
2016-09-24 18:01:59.1887 Debug Fatal =>
2016-09-24 18:20:24.9978 Debug Targets for ServiceStation.Controllers.HomeController by level:
2016-09-24 18:20:25.0338 Debug Trace =>
2016-09-24 18:20:25.0458 Debug Debug =>
2016-09-24 18:20:25.0588 Debug Info =>
2016-09-24 18:20:25.0698 Debug Warn =>
2016-09-24 18:20:25.0698 Debug Error =>
2016-09-24 18:20:25.0928 Debug Fatal =>
2016-09-24 18:23:44.2559 Debug Targets for ServiceStation.Controllers.HomeController by level:
2016-09-24 18:23:44.2880 Debug Trace =>
2016-09-24 18:23:44.2880 Debug Debug =>
2016-09-24 18:23:44.3130 Debug Info =>
2016-09-24 18:23:44.3250 Debug Warn =>
2016-09-24 18:23:44.3370 Debug Error =>
2016-09-24 18:23:44.3370 Debug Fatal =>
2016-09-24 18:25:11.5975 Debug Targets for ServiceStation.Controllers.HomeController by level:
2016-09-24 18:25:11.6250 Debug Trace =>
2016-09-24 18:25:11.6386 Debug Debug =>
2016-09-24 18:25:11.6496 Debug Info =>
2016-09-24 18:25:11.6496 Debug Warn =>
2016-09-24 18:25:11.6686 Debug Error =>
2016-09-24 18:25:11.6786 Debug Fatal =>
2016-09-24 18:32:03.6169 Debug Targets for ServiceStation.Controllers.HomeController by level:
2016-09-24 18:32:03.6439 Debug Trace =>
2016-09-24 18:32:03.6559 Debug Debug =>
2016-09-24 18:32:03.6749 Debug Info =>
2016-09-24 18:32:03.6859 Debug Warn =>
2016-09-24 18:32:03.6979 Debug Error =>
2016-09-24 18:32:03.7099 Debug Fatal =>
2016-09-24 19:30:58.1251 Debug Targets for ServiceStation.Controllers.HomeController by level:
2016-09-24 19:30:58.1471 Debug Trace =>
2016-09-24 19:30:58.1471 Debug Debug =>
2016-09-24 19:30:58.1691 Debug Info =>
2016-09-24 19:30:58.1811 Debug Warn =>
2016-09-24 19:30:58.1961 Debug Error =>
2016-09-24 19:30:58.2101 Debug Fatal =>
2016-09-24 19:33:50.7705 Debug Targets for ServiceStation.Controllers.HomeController by level:
2016-09-24 19:33:50.7910 Debug Trace =>
2016-09-24 19:33:50.8025 Debug Debug =>
2016-09-24 19:33:50.8025 Debug Info =>
2016-09-24 19:33:50.8255 Debug Warn =>
2016-09-24 19:33:50.8365 Debug Error =>
2016-09-24 19:33:50.8365 Debug Fatal =>
2016-09-24 19:35:24.9796 Debug Targets for ServiceStation.Controllers.HomeController by level:
2016-09-24 19:35:24.9981 Debug Trace =>
2016-09-24 19:35:25.0101 Debug Debug =>
2016-09-24 19:35:25.0101 Debug Info =>
2016-09-24 19:35:25.0331 Debug Warn =>
2016-09-24 19:35:25.0441 Debug Error =>
2016-09-24 19:35:25.0551 Debug Fatal =>
2016-09-24 19:37:15.0914 Debug Targets for ServiceStation.Controllers.HomeController by level:
2016-09-24 19:37:15.1099 Debug Trace =>
2016-09-24 19:37:15.1209 Debug Debug =>
2016-09-24 19:37:15.1329 Debug Info =>
2016-09-24 19:37:15.1329 Debug Warn =>
2016-09-24 19:37:15.1559 Debug Error =>
2016-09-24 19:37:15.1679 Debug Fatal =>
2016-09-24 19:39:52.7697 Debug Targets for ServiceStation.Controllers.HomeController by level:
2016-09-24 19:39:52.7847 Debug Trace =>
2016-09-24 19:39:52.7967 Debug Debug =>
2016-09-24 19:39:52.8077 Debug Info =>
2016-09-24 19:39:52.8197 Debug Warn =>
2016-09-24 19:39:52.8197 Debug Error =>
2016-09-24 19:39:52.8427 Debug Fatal =>
2016-09-24 19:41:34.8271 Debug Targets for ServiceStation.Controllers.HomeController by level:
2016-09-24 19:41:34.8521 Debug Trace =>
2016-09-24 19:41:34.8651 Debug Debug =>
2016-09-24 19:41:34.8651 Debug Info =>
2016-09-24 19:41:34.8931 Debug Warn =>
2016-09-24 19:41:34.9071 Debug Error =>
2016-09-24 19:41:34.9191 Debug Fatal =>
2016-09-24 19:42:01.0707 Debug Targets for ServiceStation.Controllers.HomeController by level:
2016-09-24 19:42:01.0887 Debug Trace =>
2016-09-24 19:42:01.1007 Debug Debug =>
2016-09-24 19:42:01.1007 Debug Info =>
2016-09-24 19:42:01.1257 Debug Warn =>
2016-09-24 19:42:01.1392 Debug Error =>
2016-09-24 19:42:01.1512 Debug Fatal =>
2016-09-24 19:46:09.3089 Debug Targets for ServiceStation.Controllers.HomeController by level:
2016-09-24 19:46:09.3334 Debug Trace =>
2016-09-24 19:46:09.3449 Debug Debug =>
2016-09-24 19:46:09.3569 Debug Info =>
2016-09-24 19:46:09.3689 Debug Warn =>
2016-09-24 19:46:09.3809 Debug Error =>
2016-09-24 19:46:09.3809 Debug Fatal =>
